
Attaching package: ‘dplyr’

The following objects are masked from ‘package:stats’:

    filter, lag

The following objects are masked from ‘package:base’:

    intersect, setdiff, setequal, union

Processing chromosome: 1

── Column specification ────────────────────────────────────────────────────────
cols(
  .default = col_character(),
  X1 = col_double(),
  X2 = col_double(),
  X128 = col_double(),
  X129 = col_double(),
  X130 = col_double(),
  X168 = col_double(),
  X169 = col_double(),
  X172 = col_double(),
  X173 = col_double(),
  X174 = col_double(),
  X175 = col_double(),
  X178 = col_double(),
  X179 = col_double(),
  X183 = col_double(),
  X184 = col_double()
)
ℹ Use `spec()` for the full column specifications.

Processing chromosome: 2

── Column specification ────────────────────────────────────────────────────────
cols(
  .default = col_character(),
  X1 = col_double(),
  X2 = col_double(),
  X8 = col_double(),
  X9 = col_double(),
  X128 = col_double(),
  X129 = col_double(),
  X130 = col_double(),
  X131 = col_double(),
  X132 = col_double(),
  X133 = col_double(),
  X134 = col_double(),
  X135 = col_double(),
  X136 = col_double(),
  X137 = col_double(),
  X149 = col_double(),
  X150 = col_double(),
  X151 = col_double(),
  X152 = col_double(),
  X153 = col_double(),
  X154 = col_double()
  # ... with 16 more columns
)
ℹ Use `spec()` for the full column specifications.

Processing chromosome: 3

── Column specification ────────────────────────────────────────────────────────
cols(
  .default = col_character(),
  X1 = col_double(),
  X2 = col_double(),
  X8 = col_double(),
  X9 = col_double(),
  X10 = col_double(),
  X11 = col_double(),
  X55 = col_double(),
  X128 = col_double(),
  X129 = col_double(),
  X130 = col_double(),
  X131 = col_double(),
  X132 = col_double(),
  X133 = col_double(),
  X134 = col_double(),
  X135 = col_double(),
  X136 = col_double(),
  X137 = col_double(),
  X149 = col_double(),
  X150 = col_double(),
  X151 = col_double()
  # ... with 21 more columns
)
ℹ Use `spec()` for the full column specifications.


 *** caught bus error ***
address 0x146576751c47, cause 'non-existent physical address'
/var/spool/slurmd/job31694/slurm_script: line 20:  5431 Bus error               (core dumped) Rscript inheritance_prob_generalised_hpc.R $PanelAppRex_ID
