START AT Thu Mar 27 11:23:16 AM CET 2025
Now running panel ID: 33
[1] "Now running panel ID: 33"
[1] "Running on all chromosomes for panel ID: 33"
[1] "Bidning all rows complete for panel ID: 33"
[1] "Saving an original table with all columns"
# A tibble: 68 × 2
   clinvar_clnsig                               n
   <chr>                                    <int>
 1 Affects                                     78
 2 Affects|association                          1
 3 Benign                                   22106
 4 Benign/Likely_benign                      7363
 5 Benign/Likely_benign|drug_response           2
 6 Benign/Likely_benign|drug_response|other     1
 7 Benign/Likely_benign|other                   6
 8 Benign/Likely_benign|risk_factor             2
 9 Benign|association                           1
10 Benign|confers_sensitivity                   1
# ℹ 58 more rows
[1] "Inheritance for panel ID: 33"
[1] "Tally panel ID: 33"
[1] "Plot panel ID: 33"
[1] "Data saved"
[1] "Complete in R for panel ID: 33"
FINISH AT Thu Mar 27 07:16:45 PM CET 2025
