START AT Thu Mar 27 11:27:07 AM CET 2025
Now running panel ID: 222
[1] "Now running panel ID: 222"
[1] "Running on all chromosomes for panel ID: 222"
[1] "Bidning all rows complete for panel ID: 222"
[1] "Saving an original table with all columns"
# A tibble: 39 × 2
   clinvar_clnsig                                                     n
   <chr>                                                          <int>
 1 Affects                                                            8
 2 Benign                                                          5333
 3 Benign/Likely_benign                                            1530
 4 Benign/Likely_benign|other                                         4
 5 Benign/Likely_benign|risk_factor                                   1
 6 Benign|other                                                       1
 7 Conflicting_interpretations_of_pathogenicity                   12753
 8 Conflicting_interpretations_of_pathogenicity|association           1
 9 Conflicting_interpretations_of_pathogenicity|other                 5
10 Conflicting_interpretations_of_pathogenicity|other|risk_factor     1
# ℹ 29 more rows
[1] "Inheritance for panel ID: 222"
[1] "Tally panel ID: 222"
[1] "Plot panel ID: 222"
[1] "Data saved"
[1] "Complete in R for panel ID: 222"
FINISH AT Thu Mar 27 04:41:02 PM CET 2025
