START AT Thu Mar 27 11:21:55 AM CET 2025
Now running panel ID: 19
[1] "Now running panel ID: 19"
[1] "Running on all chromosomes for panel ID: 19"
[1] "Bidning all rows complete for panel ID: 19"
[1] "Saving an original table with all columns"
# A tibble: 73 × 2
   clinvar_clnsig                               n
   <chr>                                    <int>
 1 Affects                                    104
 2 Affects|association                          1
 3 Affects|risk_factor                          1
 4 Benign                                   27964
 5 Benign/Likely_benign                      9019
 6 Benign/Likely_benign|drug_response           2
 7 Benign/Likely_benign|drug_response|other     1
 8 Benign/Likely_benign|other                   6
 9 Benign/Likely_benign|risk_factor             3
10 Benign|association                           1
# ℹ 63 more rows
[1] "Inheritance for panel ID: 19"
[1] "Tally panel ID: 19"
[1] "Plot panel ID: 19"
[1] "Data saved"
[1] "Complete in R for panel ID: 19"
FINISH AT Thu Mar 27 09:38:43 PM CET 2025
