
Attaching package: ‘dplyr’

The following objects are masked from ‘package:stats’:

    filter, lag

The following objects are masked from ‘package:base’:

    intersect, setdiff, setequal, union

Processing chromosome: 1

── Column specification ────────────────────────────────────────────────────────
cols(
  .default = col_character(),
  X1 = col_double(),
  X2 = col_double(),
  X128 = col_double(),
  X129 = col_double(),
  X130 = col_double(),
  X168 = col_double(),
  X169 = col_double(),
  X172 = col_double(),
  X173 = col_double(),
  X174 = col_double(),
  X175 = col_double(),
  X178 = col_double(),
  X179 = col_double(),
  X183 = col_double(),
  X184 = col_double()
)
ℹ Use `spec()` for the full column specifications.

Processing chromosome: 2

── Column specification ────────────────────────────────────────────────────────
cols(
  X1 = col_character()
)

Processing chromosome: 3

── Column specification ────────────────────────────────────────────────────────
cols(
  .default = col_character(),
  X1 = col_double(),
  X2 = col_double(),
  X8 = col_double(),
  X9 = col_double(),
  X10 = col_double(),
  X11 = col_double(),
  X55 = col_double(),
  X128 = col_double(),
  X129 = col_double(),
  X130 = col_double(),
  X131 = col_double(),
  X132 = col_double(),
  X133 = col_double(),
  X134 = col_double(),
  X135 = col_double(),
  X136 = col_double(),
  X137 = col_double(),
  X149 = col_double(),
  X150 = col_double(),
  X151 = col_double()
  # ... with 21 more columns
)
ℹ Use `spec()` for the full column specifications.

Processing chromosome: 4

── Column specification ────────────────────────────────────────────────────────
cols(
  .default = col_character(),
  X1 = col_double(),
  X2 = col_double(),
  X128 = col_double(),
  X129 = col_double(),
  X130 = col_double(),
  X168 = col_double(),
  X169 = col_double(),
  X172 = col_double(),
  X173 = col_double(),
  X174 = col_double(),
  X175 = col_double(),
  X178 = col_double(),
  X179 = col_double(),
  X183 = col_double(),
  X184 = col_double()
)
ℹ Use `spec()` for the full column specifications.

Processing chromosome: 5

── Column specification ────────────────────────────────────────────────────────
cols(
  .default = col_character(),
  X1 = col_double(),
  X2 = col_double(),
  X8 = col_double(),
  X9 = col_double(),
  X10 = col_double(),
  X11 = col_double(),
  X128 = col_double(),
  X129 = col_double(),
  X130 = col_double(),
  X131 = col_double(),
  X132 = col_double(),
  X133 = col_double(),
  X134 = col_double(),
  X135 = col_double(),
  X136 = col_double(),
  X137 = col_double(),
  X149 = col_double(),
  X150 = col_double(),
  X151 = col_double(),
  X152 = col_double()
  # ... with 20 more columns
)
ℹ Use `spec()` for the full column specifications.

Processing chromosome: 6

── Column specification ────────────────────────────────────────────────────────
cols(
  .default = col_character(),
  X1 = col_double(),
  X2 = col_double(),
  X8 = col_double(),
  X9 = col_double(),
  X10 = col_double(),
  X11 = col_double(),
  X128 = col_double(),
  X129 = col_double(),
  X130 = col_double(),
  X131 = col_double(),
  X132 = col_double(),
  X133 = col_double(),
  X134 = col_double(),
  X135 = col_double(),
  X136 = col_double(),
  X137 = col_double(),
  X149 = col_double(),
  X150 = col_double(),
  X151 = col_double(),
  X152 = col_double()
  # ... with 20 more columns
)
ℹ Use `spec()` for the full column specifications.

Processing chromosome: 7

── Column specification ────────────────────────────────────────────────────────
cols(
  .default = col_character(),
  X1 = col_double(),
  X2 = col_double(),
  X128 = col_double(),
  X129 = col_double(),
  X130 = col_double(),
  X168 = col_double(),
  X169 = col_double(),
  X172 = col_double(),
  X173 = col_double(),
  X174 = col_double(),
  X175 = col_double(),
  X178 = col_double(),
  X179 = col_double()
)
ℹ Use `spec()` for the full column specifications.

Processing chromosome: 8

── Column specification ────────────────────────────────────────────────────────
cols(
  .default = col_character(),
  X1 = col_double(),
  X2 = col_double(),
  X128 = col_double(),
  X129 = col_double(),
  X130 = col_double(),
  X168 = col_double(),
  X169 = col_double(),
  X172 = col_double(),
  X173 = col_double(),
  X174 = col_double(),
  X175 = col_double(),
  X178 = col_double(),
  X179 = col_double(),
  X183 = col_double(),
  X184 = col_double()
)
ℹ Use `spec()` for the full column specifications.

Processing chromosome: 9

── Column specification ────────────────────────────────────────────────────────
cols(
  .default = col_character(),
  X1 = col_double(),
  X2 = col_double(),
  X8 = col_double(),
  X9 = col_double(),
  X10 = col_double(),
  X11 = col_double(),
  X128 = col_double(),
  X129 = col_double(),
  X130 = col_double(),
  X131 = col_double(),
  X132 = col_double(),
  X133 = col_double(),
  X134 = col_double(),
  X135 = col_double(),
  X136 = col_double(),
  X137 = col_double(),
  X149 = col_double(),
  X150 = col_double(),
  X151 = col_double(),
  X152 = col_double()
  # ... with 20 more columns
)
ℹ Use `spec()` for the full column specifications.

Processing chromosome: 10

── Column specification ────────────────────────────────────────────────────────
cols(
  .default = col_character(),
  X1 = col_double(),
  X2 = col_double(),
  X128 = col_double(),
  X129 = col_double(),
  X130 = col_double(),
  X168 = col_double(),
  X169 = col_double(),
  X172 = col_double(),
  X173 = col_double(),
  X174 = col_double(),
  X175 = col_double(),
  X178 = col_double(),
  X179 = col_double()
)
ℹ Use `spec()` for the full column specifications.

Processing chromosome: 11

── Column specification ────────────────────────────────────────────────────────
cols(
  .default = col_character(),
  X1 = col_double(),
  X2 = col_double(),
  X128 = col_double(),
  X129 = col_double(),
  X130 = col_double(),
  X168 = col_double(),
  X169 = col_double(),
  X172 = col_double(),
  X173 = col_double(),
  X174 = col_double(),
  X175 = col_double(),
  X178 = col_double(),
  X179 = col_double(),
  X183 = col_double(),
  X184 = col_double()
)
ℹ Use `spec()` for the full column specifications.

Processing chromosome: 12

── Column specification ────────────────────────────────────────────────────────
cols(
  .default = col_character(),
  X1 = col_double(),
  X2 = col_double(),
  X8 = col_double(),
  X9 = col_double(),
  X10 = col_double(),
  X11 = col_double(),
  X55 = col_double(),
  X102 = col_double(),
  X103 = col_double(),
  X105 = col_double(),
  X106 = col_double(),
  X128 = col_double(),
  X129 = col_double(),
  X130 = col_double(),
  X131 = col_double(),
  X132 = col_double(),
  X133 = col_double(),
  X134 = col_double(),
  X135 = col_double(),
  X136 = col_double()
  # ... with 23 more columns
)
ℹ Use `spec()` for the full column specifications.

Processing chromosome: 13

── Column specification ────────────────────────────────────────────────────────
cols(
  .default = col_character(),
  X1 = col_double(),
  X2 = col_double(),
  X8 = col_double(),
  X9 = col_double(),
  X10 = col_double(),
  X11 = col_double(),
  X102 = col_double(),
  X103 = col_double(),
  X105 = col_double(),
  X106 = col_double(),
  X128 = col_double(),
  X129 = col_double(),
  X130 = col_double(),
  X131 = col_double(),
  X132 = col_double(),
  X133 = col_double(),
  X134 = col_double(),
  X135 = col_double(),
  X136 = col_double(),
  X137 = col_double()
  # ... with 24 more columns
)
ℹ Use `spec()` for the full column specifications.

Processing chromosome: 14

── Column specification ────────────────────────────────────────────────────────
cols(
  .default = col_character(),
  X1 = col_double(),
  X2 = col_double(),
  X128 = col_double(),
  X129 = col_double(),
  X130 = col_double()
)
ℹ Use `spec()` for the full column specifications.

Processing chromosome: 15

── Column specification ────────────────────────────────────────────────────────
cols(
  .default = col_character(),
  X1 = col_double(),
  X2 = col_double(),
  X128 = col_double(),
  X129 = col_double(),
  X130 = col_double(),
  X168 = col_double(),
  X169 = col_double(),
  X174 = col_double(),
  X175 = col_double()
)
ℹ Use `spec()` for the full column specifications.

Processing chromosome: 16

── Column specification ────────────────────────────────────────────────────────
cols(
  .default = col_character(),
  X1 = col_double(),
  X2 = col_double(),
  X128 = col_double(),
  X129 = col_double(),
  X130 = col_double(),
  X168 = col_double(),
  X169 = col_double(),
  X172 = col_double(),
  X173 = col_double(),
  X174 = col_double(),
  X175 = col_double(),
  X178 = col_double(),
  X179 = col_double()
)
ℹ Use `spec()` for the full column specifications.

Processing chromosome: 17

── Column specification ────────────────────────────────────────────────────────
cols(
  .default = col_character(),
  X1 = col_double(),
  X2 = col_double(),
  X128 = col_double(),
  X129 = col_double(),
  X130 = col_double(),
  X168 = col_double(),
  X169 = col_double(),
  X172 = col_double(),
  X173 = col_double(),
  X174 = col_double(),
  X175 = col_double(),
  X178 = col_double(),
  X179 = col_double()
)
ℹ Use `spec()` for the full column specifications.

Processing chromosome: 18

── Column specification ────────────────────────────────────────────────────────
cols(
  .default = col_character(),
  X1 = col_double(),
  X2 = col_double(),
  X8 = col_double(),
  X9 = col_double(),
  X10 = col_double(),
  X11 = col_double(),
  X128 = col_double(),
  X129 = col_double(),
  X130 = col_double(),
  X131 = col_double(),
  X132 = col_double(),
  X133 = col_double(),
  X134 = col_double(),
  X135 = col_double(),
  X136 = col_double(),
  X137 = col_double(),
  X149 = col_double(),
  X150 = col_double(),
  X151 = col_double(),
  X152 = col_double()
  # ... with 16 more columns
)
ℹ Use `spec()` for the full column specifications.

Processing chromosome: 19

── Column specification ────────────────────────────────────────────────────────
cols(
  .default = col_character(),
  X1 = col_double(),
  X2 = col_double(),
  X8 = col_double(),
  X9 = col_double(),
  X10 = col_double(),
  X11 = col_double(),
  X128 = col_double(),
  X129 = col_double(),
  X130 = col_double(),
  X131 = col_double(),
  X132 = col_double(),
  X133 = col_double(),
  X134 = col_double(),
  X135 = col_double(),
  X136 = col_double(),
  X137 = col_double(),
  X149 = col_double(),
  X150 = col_double(),
  X151 = col_double(),
  X152 = col_double()
  # ... with 16 more columns
)
ℹ Use `spec()` for the full column specifications.

Processing chromosome: 20

── Column specification ────────────────────────────────────────────────────────
cols(
  X1 = col_character()
)

Processing chromosome: 21

── Column specification ────────────────────────────────────────────────────────
cols(
  .default = col_character(),
  X1 = col_double(),
  X2 = col_double(),
  X128 = col_double(),
  X129 = col_double(),
  X130 = col_double(),
  X168 = col_double(),
  X169 = col_double(),
  X174 = col_double(),
  X175 = col_double()
)
ℹ Use `spec()` for the full column specifications.

Processing chromosome: 22

── Column specification ────────────────────────────────────────────────────────
cols(
  .default = col_character(),
  X1 = col_double(),
  X2 = col_double(),
  X128 = col_double(),
  X129 = col_double(),
  X130 = col_double(),
  X168 = col_double(),
  X169 = col_double(),
  X172 = col_double(),
  X173 = col_double(),
  X174 = col_double(),
  X175 = col_double(),
  X178 = col_double(),
  X179 = col_double()
)
ℹ Use `spec()` for the full column specifications.

Processing chromosome: X

── Column specification ────────────────────────────────────────────────────────
cols(
  X1 = col_character()
)

Processing chromosome: Y

── Column specification ────────────────────────────────────────────────────────
cols(
  .default = col_character(),
  X2 = col_double(),
  X9 = col_double(),
  X11 = col_double(),
  X128 = col_double(),
  X129 = col_double(),
  X130 = col_double(),
  X131 = col_double(),
  X132 = col_double(),
  X133 = col_double(),
  X134 = col_double(),
  X135 = col_double(),
  X136 = col_double(),
  X137 = col_double(),
  X149 = col_double(),
  X150 = col_double(),
  X168 = col_double(),
  X169 = col_double(),
  X174 = col_double(),
  X175 = col_double()
)
ℹ Use `spec()` for the full column specifications.

Processing chromosome: M

── Column specification ────────────────────────────────────────────────────────
cols(
  .default = col_character(),
  X2 = col_double(),
  X12 = col_double(),
  X27 = col_logical(),
  X31 = col_double(),
  X32 = col_double(),
  X168 = col_double(),
  X169 = col_double(),
  X170 = col_double(),
  X171 = col_double(),
  X172 = col_double(),
  X173 = col_double(),
  X174 = col_double(),
  X175 = col_double(),
  X176 = col_double(),
  X177 = col_double(),
  X178 = col_double(),
  X179 = col_double()
)
ℹ Use `spec()` for the full column specifications.

Warning message:
The dot-dot notation (`..count..`) was deprecated in ggplot2 3.4.0.
ℹ Please use `after_stat(count)` instead. 
