START AT Thu Mar 27 11:28:16 AM CET 2025
Now running panel ID: 227
[1] "Now running panel ID: 227"
[1] "Running on all chromosomes for panel ID: 227"
[1] "Bidning all rows complete for panel ID: 227"
[1] "Saving an original table with all columns"
# A tibble: 35 × 2
   clinvar_clnsig                                                     n
   <chr>                                                          <int>
 1 Affects                                                            5
 2 Benign                                                          5570
 3 Benign/Likely_benign                                            1623
 4 Benign/Likely_benign|other                                         3
 5 Benign|other                                                       1
 6 Benign|risk_factor                                                 1
 7 Conflicting_interpretations_of_pathogenicity                   12944
 8 Conflicting_interpretations_of_pathogenicity|association           1
 9 Conflicting_interpretations_of_pathogenicity|other                 3
10 Conflicting_interpretations_of_pathogenicity|other|risk_factor     2
# ℹ 25 more rows
[1] "Inheritance for panel ID: 227"
[1] "Tally panel ID: 227"
[1] "Plot panel ID: 227"
[1] "Data saved"
[1] "Complete in R for panel ID: 227"
FINISH AT Thu Mar 27 04:34:47 PM CET 2025
