
Attaching package: ‘dplyr’

The following objects are masked from ‘package:stats’:

    filter, lag

The following objects are masked from ‘package:base’:

    intersect, setdiff, setequal, union

Processing chromosome: 1

── Column specification ────────────────────────────────────────────────────────
cols(
  X1 = col_character()
)

Processing chromosome: 2
Processing chromosome: 3
Processing chromosome: 4

── Column specification ────────────────────────────────────────────────────────
cols(
  X1 = col_character()
)

Processing chromosome: 5

── Column specification ────────────────────────────────────────────────────────
cols(
  .default = col_character(),
  X1 = col_double(),
  X2 = col_double(),
  X8 = col_double(),
  X9 = col_double(),
  X10 = col_double(),
  X11 = col_double(),
  X12 = col_double(),
  X27 = col_double(),
  X31 = col_double(),
  X32 = col_double(),
  X77 = col_double(),
  X78 = col_double(),
  X79 = col_logical(),
  X92 = col_double(),
  X93 = col_double(),
  X111 = col_double(),
  X112 = col_double(),
  X128 = col_double(),
  X129 = col_double(),
  X130 = col_double()
  # ... with 37 more columns
)
ℹ Use `spec()` for the full column specifications.

Processing chromosome: 6

── Column specification ────────────────────────────────────────────────────────
cols(
  X1 = col_character()
)

Processing chromosome: 7
Processing chromosome: 8

── Column specification ────────────────────────────────────────────────────────
cols(
  X1 = col_character()
)

Processing chromosome: 9

── Column specification ────────────────────────────────────────────────────────
cols(
  X1 = col_character()
)

Processing chromosome: 10
Processing chromosome: 11
Processing chromosome: 12
Processing chromosome: 13

── Column specification ────────────────────────────────────────────────────────
cols(
  X1 = col_character()
)

Processing chromosome: 14

── Column specification ────────────────────────────────────────────────────────
cols(
  .default = col_character(),
  X1 = col_double(),
  X2 = col_double(),
  X8 = col_double(),
  X9 = col_double(),
  X10 = col_double(),
  X11 = col_double(),
  X12 = col_double(),
  X27 = col_logical(),
  X31 = col_double(),
  X32 = col_double(),
  X38 = col_double(),
  X39 = col_double(),
  X40 = col_logical(),
  X41 = col_double(),
  X42 = col_double(),
  X43 = col_logical(),
  X44 = col_double(),
  X45 = col_double(),
  X47 = col_double(),
  X48 = col_double()
  # ... with 91 more columns
)
ℹ Use `spec()` for the full column specifications.

Processing chromosome: 15

── Column specification ────────────────────────────────────────────────────────
cols(
  X1 = col_character()
)

Processing chromosome: 16
Processing chromosome: 17
Processing chromosome: 18
Processing chromosome: 19
Processing chromosome: 20

── Column specification ────────────────────────────────────────────────────────
cols(
  X1 = col_character()
)

Processing chromosome: 21

── Column specification ────────────────────────────────────────────────────────
cols(
  X1 = col_character()
)

Processing chromosome: 22
Processing chromosome: X
Processing chromosome: Y

── Column specification ────────────────────────────────────────────────────────
cols(
  X1 = col_character()
)

Processing chromosome: M
Warning message:
There was 1 warning in `mutate()`.
ℹ In argument: `max_an = max(gnomAD_genomes_AN, na.rm = TRUE)`.
Caused by warning in `max()`:
! no non-missing arguments to max; returning -Inf 
Warning message:
The dot-dot notation (`..count..`) was deprecated in ggplot2 3.4.0.
ℹ Please use `after_stat(count)` instead. 
