START AT Thu Mar 27 11:26:16 AM CET 2025
Now running panel ID: 544
[1] "Now running panel ID: 544"
[1] "Running on all chromosomes for panel ID: 544"
[1] "Bidning all rows complete for panel ID: 544"
[1] "Saving an original table with all columns"
# A tibble: 47 × 2
   clinvar_clnsig                               n
   <chr>                                    <int>
 1 Affects                                     35
 2 Affects|association                          1
 3 Benign                                   11720
 4 Benign/Likely_benign                      3696
 5 Benign/Likely_benign|drug_response           2
 6 Benign/Likely_benign|drug_response|other     1
 7 Benign/Likely_benign|other                   5
 8 Benign|drug_response                         1
 9 Benign|other                                 2
10 Benign|risk_factor                           1
# ℹ 37 more rows
[1] "Inheritance for panel ID: 544"
[1] "Tally panel ID: 544"
[1] "Plot panel ID: 544"
[1] "Data saved"
[1] "Complete in R for panel ID: 544"
FINISH AT Thu Mar 27 06:16:27 PM CET 2025
